<?xml version="1.0" encoding="UTF-8"?>
<!-- Generated by org.testng.reporters.JUnitXMLReporter -->
<testsuite ignored="0" hostname="DESKTOP-D29KI0E" failures="0" tests="2" name="Test" time="8.094" errors="0" timestamp="2024-05-22T13:34:44 IST">
  <testcase classname="com.testng.dataprovider.learning.CreateLead" name="createLead" time="0.0">
    <skipped/>
  </testcase> <!-- createLead -->
  <testcase classname="com.testng.dataprovider.learning.CreateLead" name="printValues" time="0.003"/>
</testsuite> <!-- Test -->
